<?xml version="1.0" encoding="UTF-8"?>
<!-- Generated by org.testng.reporters.JUnitXMLReporter -->
<testsuite hostname="DESKTOP-QJ8FI0G" ignored="0" name="Test" tests="6" failures="1" timestamp="25 Jun 2020 17:19:56 GMT" time="159.468" errors="0">
  <testcase name="tc4_validateFeaturedcourses" time="14.234" classname="testcases.tc_validateCoursesDisplayed"/>
  <testcase name="tc3_validateBanner" time="16.266" classname="testcases.tc_validatebanner">
    <failure type="java.lang.AssertionError">
      <![CDATA[java.lang.AssertionError: 
at testcases.tc_validatebanner.tc3_validateBanner(tc_validatebanner.java:53)
... Removed 28 stack frames]]>
    </failure>
  </testcase> <!-- tc3_validateBanner -->
  <testcase name="tc2_getPriceUnderFeaturedCourses" time="13.62" classname="testcases.tc_validateFreePrice"/>
  <testcase name="tc1" time="39.353" classname="testcases.tc_Login"/>
  <testcase name="tc1" time="23.417" classname="testcases.tc_Login"/>
  <testcase name="tc1" time="21.383" classname="testcases.tc_Login"/>
</testsuite> <!-- Test -->
