<?xml version="1.0" encoding="UTF-8"?>
<!-- Generated by org.testng.reporters.JUnitXMLReporter -->
<testsuite hostname="DESKTOP-QJ8FI0G" ignored="0" name="Validate banner" tests="1" failures="1" timestamp="25 Jun 2020 18:11:39 GMT" time="82.756" errors="0">
  <testcase name="tc3_validateBanner" time="67.126" classname="testcases.tc_validatebanner">
    <failure type="java.lang.AssertionError">
      <![CDATA[java.lang.AssertionError: 
at testcases.tc_validatebanner.tc3_validateBanner(tc_validatebanner.java:53)
at java.util.concurrent.FutureTask.run(FutureTask.java:266)
at java.util.concurrent.ThreadPoolExecutor.runWorker(ThreadPoolExecutor.java:1142)
at java.util.concurrent.ThreadPoolExecutor$Worker.run(ThreadPoolExecutor.java:617)
at java.lang.Thread.run(Thread.java:745)
... Removed 19 stack frames]]>
    </failure>
  </testcase> <!-- tc3_validateBanner -->
</testsuite> <!-- Validate banner -->
