<?xml version="1.0" encoding="UTF-8"?>
<testng-results skipped="0" failed="1" ignored="0" total="1" passed="0">
  <reporter-output>
  </reporter-output>
  <suite name="Suite" duration-ms="82756" started-at="2020-06-25T18:10:16Z" finished-at="2020-06-25T18:11:39Z">
    <groups>
    </groups>
    <test name="Validate banner" duration-ms="82756" started-at="2020-06-25T18:10:16Z" finished-at="2020-06-25T18:11:39Z">
      <class name="testcases.tc_validatebanner">
        <test-method status="PASS" signature="invokeBrowser()[pri:0, instance:testcases.tc_validatebanner@5a63f509]" name="invokeBrowser" is-config="true" duration-ms="12869" started-at="2020-06-25T18:10:16Z" finished-at="2020-06-25T18:10:29Z">
          <reporter-output>
          </reporter-output>
        </test-method> <!-- invokeBrowser -->
        <test-method status="FAIL" signature="tc3_validateBanner()[pri:0, instance:testcases.tc_validatebanner@5a63f509]" name="tc3_validateBanner" duration-ms="67126" started-at="2020-06-25T18:10:29Z" finished-at="2020-06-25T18:11:36Z">
          <exception class="java.lang.AssertionError">
            <full-stacktrace>
              <![CDATA[java.lang.AssertionError: 
at org.testng.AssertJUnit.fail(AssertJUnit.java:59)
at org.testng.AssertJUnit.assertTrue(AssertJUnit.java:24)
at org.testng.AssertJUnit.assertTrue(AssertJUnit.java:33)
at testcases.tc_validatebanner.tc3_validateBanner(tc_validatebanner.java:53)
at sun.reflect.NativeMethodAccessorImpl.invoke0(Native Method)
at sun.reflect.NativeMethodAccessorImpl.invoke(NativeMethodAccessorImpl.java:62)
at sun.reflect.DelegatingMethodAccessorImpl.invoke(DelegatingMethodAccessorImpl.java:43)
at java.lang.reflect.Method.invoke(Method.java:498)
at org.testng.internal.MethodInvocationHelper.invokeMethod(MethodInvocationHelper.java:124)
at org.testng.internal.Invoker.invokeMethod(Invoker.java:583)
at org.testng.internal.Invoker.invokeTestMethod(Invoker.java:719)
at org.testng.internal.Invoker.invokeTestMethods(Invoker.java:989)
at org.testng.internal.TestMethodWorker.invokeTestMethods(TestMethodWorker.java:125)
at org.testng.internal.TestMethodWorker.run(TestMethodWorker.java:109)
at org.testng.TestRunner.privateRun(TestRunner.java:648)
at org.testng.TestRunner.run(TestRunner.java:505)
at org.testng.SuiteRunner.runTest(SuiteRunner.java:455)
at org.testng.SuiteRunner.access$000(SuiteRunner.java:40)
at org.testng.SuiteRunner$SuiteWorker.run(SuiteRunner.java:489)
at org.testng.internal.thread.ThreadUtil$1.call(ThreadUtil.java:52)
at java.util.concurrent.FutureTask.run(FutureTask.java:266)
at java.util.concurrent.ThreadPoolExecutor.runWorker(ThreadPoolExecutor.java:1142)
at java.util.concurrent.ThreadPoolExecutor$Worker.run(ThreadPoolExecutor.java:617)
at java.lang.Thread.run(Thread.java:745)
]]>
            </full-stacktrace>
          </exception> <!-- java.lang.AssertionError -->
          <reporter-output>
          </reporter-output>
        </test-method> <!-- tc3_validateBanner -->
        <test-method status="PASS" signature="closeBrowser()[pri:0, instance:testcases.tc_validatebanner@5a63f509]" name="closeBrowser" is-config="true" duration-ms="400" started-at="2020-06-25T18:11:39Z" finished-at="2020-06-25T18:11:39Z">
          <reporter-output>
          </reporter-output>
        </test-method> <!-- closeBrowser -->
      </class> <!-- testcases.tc_validatebanner -->
    </test> <!-- Validate banner -->
  </suite> <!-- Suite -->
</testng-results>
